<?xml version="1.0" encoding="UTF-8"?>
<!-- Generated by org.testng.reporters.JUnitReportReporter -->
<testsuite hostname="Shyam" failures="0" tests="3" name="rahulshettyacademy.SunbmitOrderTest" time="49.604" errors="0" timestamp="2024-03-10T15:01:02 IST" skipped="0">
  <testcase classname="rahulshettyacademy.SunbmitOrderTest" name="SubmitOrder" time="19.568"/>
  <testcase classname="rahulshettyacademy.SunbmitOrderTest" name="SubmitOrder" time="18.248"/>
  <testcase classname="rahulshettyacademy.SunbmitOrderTest" name="OrderHistoryTest" time="11.788"/>
</testsuite> <!-- rahulshettyacademy.SunbmitOrderTest -->
